[0.016s] Invoking command in '/home/rgopikrishnan/rplidar_ws/build/rplidar_ros': CMAKE_PREFIX_PATH=${CMAKE_PREFIX_PATH}:/opt/ros/humble /usr/bin/cmake --build /home/rgopikrishnan/rplidar_ws/build/rplidar_ros -- -j12 -l12
[0.579s] -- NumPy found: 1.23.0
[0.579s] -- Found ament_cmake: 1.3.10 (/opt/ros/humble/share/ament_cmake/cmake)
[0.717s] -- Override CMake install command with custom implementation using symlinks instead of copying resources
[0.725s] -- Found rclcpp: 16.0.10 (/opt/ros/humble/share/rclcpp/cmake)
[0.749s] -- Found rosidl_generator_c: 3.1.5 (/opt/ros/humble/share/rosidl_generator_c/cmake)
[0.750s] -- Found rosidl_adapter: 3.1.5 (/opt/ros/humble/share/rosidl_adapter/cmake)
[0.754s] -- Found rosidl_generator_cpp: 3.1.5 (/opt/ros/humble/share/rosidl_generator_cpp/cmake)
[0.759s] -- Using all available rosidl_typesupport_c: rosidl_typesupport_fastrtps_c;rosidl_typesupport_introspection_c
[0.766s] -- Using all available rosidl_typesupport_cpp: rosidl_typesupport_fastrtps_cpp;rosidl_typesupport_introspection_cpp
[0.785s] -- Found rmw_implementation_cmake: 6.1.2 (/opt/ros/humble/share/rmw_implementation_cmake/cmake)
[0.785s] -- Found rmw_fastrtps_cpp: 6.2.7 (/opt/ros/humble/share/rmw_fastrtps_cpp/cmake)
[0.909s] -- Using RMW implementation 'rmw_fastrtps_cpp' as default
[0.976s] -- Found sensor_msgs: 4.2.4 (/opt/ros/humble/share/sensor_msgs/cmake)
[1.015s] -- Found std_srvs: 4.2.4 (/opt/ros/humble/share/std_srvs/cmake)
[1.024s] -- Found nav_msgs: 4.2.4 (/opt/ros/humble/share/nav_msgs/cmake)
[1.047s] -- Found rclpy: 3.3.14 (/opt/ros/humble/share/rclpy/cmake)
[1.047s] -- Found cv_bridge: 3.2.1 (/opt/ros/humble/share/cv_bridge/cmake)
[1.074s] [31mCMake Error at CMakeLists.txt:60 (find_package):
[1.074s]   By not providing "Findnumpy.cmake" in CMAKE_MODULE_PATH this project has
[1.074s]   asked CMake to find a package configuration file provided by "numpy", but
[1.074s]   CMake did not find one.
[1.074s] 
[1.074s]   Could not find a package configuration file provided by "numpy" with any of
[1.074s]   the following names:
[1.074s] 
[1.074s]     numpyConfig.cmake
[1.074s]     numpy-config.cmake
[1.074s] 
[1.074s]   Add the installation prefix of "numpy" to CMAKE_PREFIX_PATH or set
[1.074s]   "numpy_DIR" to a directory containing one of the above files.  If "numpy"
[1.074s]   provides a separate development package or SDK, be sure it has been
[1.074s]   installed.
[1.075s] 
[1.075s] [0m
[1.075s] -- Configuring incomplete, errors occurred!
[1.075s] See also "/home/rgopikrishnan/rplidar_ws/build/rplidar_ros/CMakeFiles/CMakeOutput.log".
[1.083s] gmake: *** [Makefile:922: cmake_check_build_system] Error 1
[1.087s] Invoked command in '/home/rgopikrishnan/rplidar_ws/build/rplidar_ros' returned '2': CMAKE_PREFIX_PATH=${CMAKE_PREFIX_PATH}:/opt/ros/humble /usr/bin/cmake --build /home/rgopikrishnan/rplidar_ws/build/rplidar_ros -- -j12 -l12
