[0.064s] DEBUG:colcon:Command line arguments: ['/usr/bin/colcon', 'build']
[0.064s] DEBUG:colcon:Parsed command line arguments: Namespace(log_base=None, log_level=None, verb_name='build', build_base='build', install_base='install', merge_install=False, symlink_install=False, test_result_base=None, continue_on_error=False, executor='parallel', parallel_workers=12, event_handlers=None, ignore_user_meta=False, metas=['./colcon.meta'], base_paths=['.'], packages_ignore=None, packages_ignore_regex=None, paths=None, packages_up_to=None, packages_up_to_regex=None, packages_above=None, packages_above_and_dependencies=None, packages_above_depth=None, packages_select_by_dep=None, packages_skip_by_dep=None, packages_skip_up_to=None, packages_select_build_failed=False, packages_skip_build_finished=False, packages_select_test_failures=False, packages_skip_test_passed=False, packages_select=None, packages_skip=None, packages_select_regex=None, packages_skip_regex=None, packages_start=None, packages_end=None, allow_overriding=[], cmake_args=None, cmake_target=None, cmake_target_skip_unavailable=False, cmake_clean_cache=False, cmake_clean_first=False, cmake_force_configure=False, ament_cmake_args=None, catkin_cmake_args=None, catkin_skip_building_tests=False, mixin_files=None, mixin=None, verb_parser=<colcon_mixin.mixin.mixin_argument.MixinArgumentDecorator object at 0x777abd33f970>, verb_extension=<colcon_core.verb.build.BuildVerb object at 0x777abd480700>, main=<bound method BuildVerb.main of <colcon_core.verb.build.BuildVerb object at 0x777abd480700>>, mixin_verb=('build',))
[0.085s] Level 1:colcon.colcon_core.package_discovery:discover_packages(colcon_meta) check parameters
[0.085s] Level 1:colcon.colcon_core.package_discovery:discover_packages(recursive) check parameters
[0.085s] Level 1:colcon.colcon_core.package_discovery:discover_packages(ignore) check parameters
[0.085s] Level 1:colcon.colcon_core.package_discovery:discover_packages(path) check parameters
[0.085s] Level 1:colcon.colcon_core.package_discovery:discover_packages(colcon_meta) discover
[0.085s] Level 1:colcon.colcon_core.package_discovery:discover_packages(recursive) discover
[0.085s] INFO:colcon.colcon_core.package_discovery:Crawling recursively for packages in '/home/rgopikrishnan/rplidar_ws'
[0.085s] Level 1:colcon.colcon_core.package_identification:_identify(.) by extensions ['ignore', 'ignore_ament_install']
[0.085s] Level 1:colcon.colcon_core.package_identification:_identify(.) by extension 'ignore'
[0.085s] Level 1:colcon.colcon_core.package_identification:_identify(.) by extension 'ignore_ament_install'
[0.085s] Level 1:colcon.colcon_core.package_identification:_identify(.) by extensions ['colcon_pkg']
[0.085s] Level 1:colcon.colcon_core.package_identification:_identify(.) by extension 'colcon_pkg'
[0.085s] Level 1:colcon.colcon_core.package_identification:_identify(.) by extensions ['colcon_meta']
[0.085s] Level 1:colcon.colcon_core.package_identification:_identify(.) by extension 'colcon_meta'
[0.085s] Level 1:colcon.colcon_core.package_identification:_identify(.) by extensions ['ros']
[0.085s] Level 1:colcon.colcon_core.package_identification:_identify(.) by extension 'ros'
[0.100s] Level 1:colcon.colcon_core.package_identification:_identify(.) by extensions ['cmake', 'python']
[0.100s] Level 1:colcon.colcon_core.package_identification:_identify(.) by extension 'cmake'
[0.100s] Level 1:colcon.colcon_core.package_identification:_identify(.) by extension 'python'
[0.100s] Level 1:colcon.colcon_core.package_identification:_identify(.) by extensions ['python_setup_py']
[0.100s] Level 1:colcon.colcon_core.package_identification:_identify(.) by extension 'python_setup_py'
[0.100s] Level 1:colcon.colcon_core.package_identification:_identify(build) by extensions ['ignore', 'ignore_ament_install']
[0.100s] Level 1:colcon.colcon_core.package_identification:_identify(build) by extension 'ignore'
[0.100s] Level 1:colcon.colcon_core.package_identification:_identify(build) ignored
[0.100s] Level 1:colcon.colcon_core.package_identification:_identify(install) by extensions ['ignore', 'ignore_ament_install']
[0.100s] Level 1:colcon.colcon_core.package_identification:_identify(install) by extension 'ignore'
[0.100s] Level 1:colcon.colcon_core.package_identification:_identify(install) ignored
[0.100s] Level 1:colcon.colcon_core.package_identification:_identify(log) by extensions ['ignore', 'ignore_ament_install']
[0.100s] Level 1:colcon.colcon_core.package_identification:_identify(log) by extension 'ignore'
[0.100s] Level 1:colcon.colcon_core.package_identification:_identify(log) ignored
[0.100s] Level 1:colcon.colcon_core.package_identification:_identify(rplidar_ros) by extensions ['ignore', 'ignore_ament_install']
[0.100s] Level 1:colcon.colcon_core.package_identification:_identify(rplidar_ros) by extension 'ignore'
[0.100s] Level 1:colcon.colcon_core.package_identification:_identify(rplidar_ros) by extension 'ignore_ament_install'
[0.100s] Level 1:colcon.colcon_core.package_identification:_identify(rplidar_ros) by extensions ['colcon_pkg']
[0.100s] Level 1:colcon.colcon_core.package_identification:_identify(rplidar_ros) by extension 'colcon_pkg'
[0.101s] Level 1:colcon.colcon_core.package_identification:_identify(rplidar_ros) by extensions ['colcon_meta']
[0.101s] Level 1:colcon.colcon_core.package_identification:_identify(rplidar_ros) by extension 'colcon_meta'
[0.101s] Level 1:colcon.colcon_core.package_identification:_identify(rplidar_ros) by extensions ['ros']
[0.101s] Level 1:colcon.colcon_core.package_identification:_identify(rplidar_ros) by extension 'ros'
[0.102s] DEBUG:colcon.colcon_core.package_identification:Package 'rplidar_ros' with type 'ros.ament_cmake' and name 'rplidar_ros'
[0.102s] Level 1:colcon.colcon_core.package_discovery:discover_packages(recursive) using defaults
[0.102s] Level 1:colcon.colcon_core.package_discovery:discover_packages(ignore) discover
[0.102s] Level 1:colcon.colcon_core.package_discovery:discover_packages(ignore) using defaults
[0.102s] Level 1:colcon.colcon_core.package_discovery:discover_packages(path) discover
[0.102s] Level 1:colcon.colcon_core.package_discovery:discover_packages(path) using defaults
[0.113s] Level 1:colcon.colcon_core.package_discovery:discover_packages(prefix_path) check parameters
[0.113s] Level 1:colcon.colcon_core.package_discovery:discover_packages(prefix_path) discover
[0.114s] DEBUG:colcon.colcon_installed_package_information.package_discovery:Found 1 installed packages in /home/rgopikrishnan/rplidar_ws/install
[0.115s] DEBUG:colcon.colcon_installed_package_information.package_discovery:Found 14 installed packages in /home/rgopikrishnan/pico_ws/install
[0.116s] DEBUG:colcon.colcon_installed_package_information.package_discovery:Found 426 installed packages in /opt/ros/humble
[0.117s] Level 1:colcon.colcon_core.package_discovery:discover_packages(prefix_path) using defaults
[0.151s] Level 5:colcon.colcon_core.verb:set package 'rplidar_ros' build argument 'cmake_args' from command line to 'None'
[0.151s] Level 5:colcon.colcon_core.verb:set package 'rplidar_ros' build argument 'cmake_target' from command line to 'None'
[0.151s] Level 5:colcon.colcon_core.verb:set package 'rplidar_ros' build argument 'cmake_target_skip_unavailable' from command line to 'False'
[0.151s] Level 5:colcon.colcon_core.verb:set package 'rplidar_ros' build argument 'cmake_clean_cache' from command line to 'False'
[0.151s] Level 5:colcon.colcon_core.verb:set package 'rplidar_ros' build argument 'cmake_clean_first' from command line to 'False'
[0.151s] Level 5:colcon.colcon_core.verb:set package 'rplidar_ros' build argument 'cmake_force_configure' from command line to 'False'
[0.151s] Level 5:colcon.colcon_core.verb:set package 'rplidar_ros' build argument 'ament_cmake_args' from command line to 'None'
[0.151s] Level 5:colcon.colcon_core.verb:set package 'rplidar_ros' build argument 'catkin_cmake_args' from command line to 'None'
[0.151s] Level 5:colcon.colcon_core.verb:set package 'rplidar_ros' build argument 'catkin_skip_building_tests' from command line to 'False'
[0.151s] DEBUG:colcon.colcon_core.verb:Building package 'rplidar_ros' with the following arguments: {'ament_cmake_args': None, 'build_base': '/home/rgopikrishnan/rplidar_ws/build/rplidar_ros', 'catkin_cmake_args': None, 'catkin_skip_building_tests': False, 'cmake_args': None, 'cmake_clean_cache': False, 'cmake_clean_first': False, 'cmake_force_configure': False, 'cmake_target': None, 'cmake_target_skip_unavailable': False, 'install_base': '/home/rgopikrishnan/rplidar_ws/install/rplidar_ros', 'merge_install': False, 'path': '/home/rgopikrishnan/rplidar_ws/rplidar_ros', 'symlink_install': False, 'test_result_base': None}
[0.151s] INFO:colcon.colcon_core.executor:Executing jobs using 'parallel' executor
[0.152s] DEBUG:colcon.colcon_parallel_executor.executor.parallel:run_until_complete
[0.152s] INFO:colcon.colcon_ros.task.ament_cmake.build:Building ROS package in '/home/rgopikrishnan/rplidar_ws/rplidar_ros' with build type 'ament_cmake'
[0.152s] INFO:colcon.colcon_cmake.task.cmake.build:Building CMake package in '/home/rgopikrishnan/rplidar_ws/rplidar_ros'
[0.154s] INFO:colcon.colcon_core.plugin_system:Skipping extension 'colcon_core.shell.bat': Not used on non-Windows systems
[0.154s] INFO:colcon.colcon_core.shell:Skip shell extension 'powershell' for command environment: Not usable outside of PowerShell
[0.154s] DEBUG:colcon.colcon_core.shell:Skip shell extension 'dsv' for command environment
[0.161s] DEBUG:colcon.colcon_core.event_handler.log_command:Invoking command in '/home/rgopikrishnan/rplidar_ws/build/rplidar_ros': CMAKE_PREFIX_PATH=${CMAKE_PREFIX_PATH}:/opt/ros/humble /usr/bin/cmake --build /home/rgopikrishnan/rplidar_ws/build/rplidar_ros -- -j12 -l12
[0.926s] DEBUG:colcon.colcon_core.event_handler.log_command:Invoked command in '/home/rgopikrishnan/rplidar_ws/build/rplidar_ros' returned '0': CMAKE_PREFIX_PATH=${CMAKE_PREFIX_PATH}:/opt/ros/humble /usr/bin/cmake --build /home/rgopikrishnan/rplidar_ws/build/rplidar_ros -- -j12 -l12
[1.006s] DEBUG:colcon.colcon_core.event_handler.log_command:Invoking command in '/home/rgopikrishnan/rplidar_ws/build/rplidar_ros': CMAKE_PREFIX_PATH=${CMAKE_PREFIX_PATH}:/opt/ros/humble /usr/bin/cmake --install /home/rgopikrishnan/rplidar_ws/build/rplidar_ros
[1.057s] Level 1:colcon.colcon_core.environment:create_environment_scripts_only(rplidar_ros)
[1.057s] DEBUG:colcon.colcon_core.event_handler.log_command:Invoked command in '/home/rgopikrishnan/rplidar_ws/build/rplidar_ros' returned '0': CMAKE_PREFIX_PATH=${CMAKE_PREFIX_PATH}:/opt/ros/humble /usr/bin/cmake --install /home/rgopikrishnan/rplidar_ws/build/rplidar_ros
[1.060s] Level 1:colcon.colcon_core.environment:checking '/home/rgopikrishnan/rplidar_ws/install/rplidar_ros' for CMake module files
[1.060s] Level 1:colcon.colcon_core.environment:checking '/home/rgopikrishnan/rplidar_ws/install/rplidar_ros' for CMake config files
[1.061s] Level 1:colcon.colcon_core.shell:create_environment_hook('rplidar_ros', 'cmake_prefix_path')
[1.061s] INFO:colcon.colcon_core.shell:Creating environment hook '/home/rgopikrishnan/rplidar_ws/install/rplidar_ros/share/rplidar_ros/hook/cmake_prefix_path.ps1'
[1.062s] INFO:colcon.colcon_core.shell:Creating environment descriptor '/home/rgopikrishnan/rplidar_ws/install/rplidar_ros/share/rplidar_ros/hook/cmake_prefix_path.dsv'
[1.062s] INFO:colcon.colcon_core.shell:Creating environment hook '/home/rgopikrishnan/rplidar_ws/install/rplidar_ros/share/rplidar_ros/hook/cmake_prefix_path.sh'
[1.063s] Level 1:colcon.colcon_core.environment:checking '/home/rgopikrishnan/rplidar_ws/install/rplidar_ros/lib'
[1.063s] Level 1:colcon.colcon_core.environment:checking '/home/rgopikrishnan/rplidar_ws/install/rplidar_ros/bin'
[1.063s] Level 1:colcon.colcon_core.environment:checking '/home/rgopikrishnan/rplidar_ws/install/rplidar_ros/lib/pkgconfig/rplidar_ros.pc'
[1.063s] Level 1:colcon.colcon_core.environment:checking '/home/rgopikrishnan/rplidar_ws/install/rplidar_ros/lib/python3.10/site-packages'
[1.064s] Level 1:colcon.colcon_core.environment:checking '/home/rgopikrishnan/rplidar_ws/install/rplidar_ros/bin'
[1.064s] INFO:colcon.colcon_core.shell:Creating package script '/home/rgopikrishnan/rplidar_ws/install/rplidar_ros/share/rplidar_ros/package.ps1'
[1.065s] INFO:colcon.colcon_core.shell:Creating package descriptor '/home/rgopikrishnan/rplidar_ws/install/rplidar_ros/share/rplidar_ros/package.dsv'
[1.065s] INFO:colcon.colcon_core.shell:Creating package script '/home/rgopikrishnan/rplidar_ws/install/rplidar_ros/share/rplidar_ros/package.sh'
[1.066s] INFO:colcon.colcon_core.shell:Creating package script '/home/rgopikrishnan/rplidar_ws/install/rplidar_ros/share/rplidar_ros/package.bash'
[1.066s] INFO:colcon.colcon_core.shell:Creating package script '/home/rgopikrishnan/rplidar_ws/install/rplidar_ros/share/rplidar_ros/package.zsh'
[1.067s] Level 1:colcon.colcon_core.environment:create_file_with_runtime_dependencies(/home/rgopikrishnan/rplidar_ws/install/rplidar_ros/share/colcon-core/packages/rplidar_ros)
[1.140s] Level 1:colcon.colcon_core.environment:create_environment_scripts_only(rplidar_ros)
[1.140s] Level 1:colcon.colcon_core.environment:checking '/home/rgopikrishnan/rplidar_ws/install/rplidar_ros' for CMake module files
[1.141s] Level 1:colcon.colcon_core.environment:checking '/home/rgopikrishnan/rplidar_ws/install/rplidar_ros' for CMake config files
[1.141s] Level 1:colcon.colcon_core.shell:create_environment_hook('rplidar_ros', 'cmake_prefix_path')
[1.141s] INFO:colcon.colcon_core.shell:Creating environment hook '/home/rgopikrishnan/rplidar_ws/install/rplidar_ros/share/rplidar_ros/hook/cmake_prefix_path.ps1'
[1.142s] INFO:colcon.colcon_core.shell:Creating environment descriptor '/home/rgopikrishnan/rplidar_ws/install/rplidar_ros/share/rplidar_ros/hook/cmake_prefix_path.dsv'
[1.142s] INFO:colcon.colcon_core.shell:Creating environment hook '/home/rgopikrishnan/rplidar_ws/install/rplidar_ros/share/rplidar_ros/hook/cmake_prefix_path.sh'
[1.142s] Level 1:colcon.colcon_core.environment:checking '/home/rgopikrishnan/rplidar_ws/install/rplidar_ros/lib'
[1.142s] Level 1:colcon.colcon_core.environment:checking '/home/rgopikrishnan/rplidar_ws/install/rplidar_ros/bin'
[1.142s] Level 1:colcon.colcon_core.environment:checking '/home/rgopikrishnan/rplidar_ws/install/rplidar_ros/lib/pkgconfig/rplidar_ros.pc'
[1.143s] Level 1:colcon.colcon_core.environment:checking '/home/rgopikrishnan/rplidar_ws/install/rplidar_ros/lib/python3.10/site-packages'
[1.143s] Level 1:colcon.colcon_core.environment:checking '/home/rgopikrishnan/rplidar_ws/install/rplidar_ros/bin'
[1.143s] INFO:colcon.colcon_core.shell:Creating package script '/home/rgopikrishnan/rplidar_ws/install/rplidar_ros/share/rplidar_ros/package.ps1'
[1.143s] INFO:colcon.colcon_core.shell:Creating package descriptor '/home/rgopikrishnan/rplidar_ws/install/rplidar_ros/share/rplidar_ros/package.dsv'
[1.143s] INFO:colcon.colcon_core.shell:Creating package script '/home/rgopikrishnan/rplidar_ws/install/rplidar_ros/share/rplidar_ros/package.sh'
[1.144s] INFO:colcon.colcon_core.shell:Creating package script '/home/rgopikrishnan/rplidar_ws/install/rplidar_ros/share/rplidar_ros/package.bash'
[1.144s] INFO:colcon.colcon_core.shell:Creating package script '/home/rgopikrishnan/rplidar_ws/install/rplidar_ros/share/rplidar_ros/package.zsh'
[1.144s] Level 1:colcon.colcon_core.environment:create_file_with_runtime_dependencies(/home/rgopikrishnan/rplidar_ws/install/rplidar_ros/share/colcon-core/packages/rplidar_ros)
[1.144s] DEBUG:colcon.colcon_parallel_executor.executor.parallel:closing loop
[1.144s] DEBUG:colcon.colcon_parallel_executor.executor.parallel:loop closed
[1.144s] DEBUG:colcon.colcon_parallel_executor.executor.parallel:run_until_complete finished with '0'
[1.144s] DEBUG:colcon.colcon_core.event_reactor:joining thread
[1.148s] INFO:colcon.colcon_core.plugin_system:Skipping extension 'colcon_notification.desktop_notification.terminal_notifier': Not used on non-Darwin systems
[1.148s] INFO:colcon.colcon_core.plugin_system:Skipping extension 'colcon_notification.desktop_notification.win32': Not used on non-Windows systems
[1.148s] INFO:colcon.colcon_notification.desktop_notification:Sending desktop notification using 'notify2'
[1.158s] DEBUG:colcon.colcon_core.event_reactor:joined thread
[1.159s] INFO:colcon.colcon_core.shell:Creating prefix script '/home/rgopikrishnan/rplidar_ws/install/local_setup.ps1'
[1.160s] INFO:colcon.colcon_core.shell:Creating prefix util module '/home/rgopikrishnan/rplidar_ws/install/_local_setup_util_ps1.py'
[1.162s] INFO:colcon.colcon_core.shell:Creating prefix chain script '/home/rgopikrishnan/rplidar_ws/install/setup.ps1'
[1.164s] INFO:colcon.colcon_core.shell:Creating prefix script '/home/rgopikrishnan/rplidar_ws/install/local_setup.sh'
[1.165s] INFO:colcon.colcon_core.shell:Creating prefix util module '/home/rgopikrishnan/rplidar_ws/install/_local_setup_util_sh.py'
[1.165s] INFO:colcon.colcon_core.shell:Creating prefix chain script '/home/rgopikrishnan/rplidar_ws/install/setup.sh'
[1.166s] INFO:colcon.colcon_core.shell:Creating prefix script '/home/rgopikrishnan/rplidar_ws/install/local_setup.bash'
[1.166s] INFO:colcon.colcon_core.shell:Creating prefix chain script '/home/rgopikrishnan/rplidar_ws/install/setup.bash'
[1.167s] INFO:colcon.colcon_core.shell:Creating prefix script '/home/rgopikrishnan/rplidar_ws/install/local_setup.zsh'
[1.167s] INFO:colcon.colcon_core.shell:Creating prefix chain script '/home/rgopikrishnan/rplidar_ws/install/setup.zsh'
