[0.010s] Invoking command in '/home/rgopikrishnan/rplidar_ws/build/rplidar_ros': CMAKE_PREFIX_PATH=${CMAKE_PREFIX_PATH}:/opt/ros/humble /usr/bin/cmake --build /home/rgopikrishnan/rplidar_ws/build/rplidar_ros -- -j12 -l12
[0.050s] -- Found ament_cmake: 1.3.10 (/opt/ros/humble/share/ament_cmake/cmake)
[0.202s] -- Override CMake install command with custom implementation using symlinks instead of copying resources
[0.210s] -- Found rclcpp: 16.0.10 (/opt/ros/humble/share/rclcpp/cmake)
[0.254s] -- Found rosidl_generator_c: 3.1.5 (/opt/ros/humble/share/rosidl_generator_c/cmake)
[0.259s] -- Found rosidl_adapter: 3.1.5 (/opt/ros/humble/share/rosidl_adapter/cmake)
[0.267s] -- Found rosidl_generator_cpp: 3.1.5 (/opt/ros/humble/share/rosidl_generator_cpp/cmake)
[0.278s] -- Using all available rosidl_typesupport_c: rosidl_typesupport_fastrtps_c;rosidl_typesupport_introspection_c
[0.292s] -- Using all available rosidl_typesupport_cpp: rosidl_typesupport_fastrtps_cpp;rosidl_typesupport_introspection_cpp
[0.330s] -- Found rmw_implementation_cmake: 6.1.2 (/opt/ros/humble/share/rmw_implementation_cmake/cmake)
[0.332s] -- Found rmw_fastrtps_cpp: 6.2.7 (/opt/ros/humble/share/rmw_fastrtps_cpp/cmake)
[0.502s] -- Using RMW implementation 'rmw_fastrtps_cpp' as default
[0.609s] -- Found sensor_msgs: 4.2.4 (/opt/ros/humble/share/sensor_msgs/cmake)
[0.628s] -- Found std_srvs: 4.2.4 (/opt/ros/humble/share/std_srvs/cmake)
[0.634s] -- Found nav_msgs: 4.2.4 (/opt/ros/humble/share/nav_msgs/cmake)
[0.645s] -- Found rclpy: 3.3.14 (/opt/ros/humble/share/rclpy/cmake)
[0.645s] -- Found cv_bridge: 3.2.1 (/opt/ros/humble/share/cv_bridge/cmake)
[0.657s] [31mCMake Error at CMakeLists.txt:51 (find_package):
[0.657s]   By not providing "Findnumpy.cmake" in CMAKE_MODULE_PATH this project has
[0.658s]   asked CMake to find a package configuration file provided by "numpy", but
[0.658s]   CMake did not find one.
[0.658s] 
[0.658s]   Could not find a package configuration file provided by "numpy" with any of
[0.658s]   the following names:
[0.658s] 
[0.658s]     numpyConfig.cmake
[0.658s]     numpy-config.cmake
[0.658s] 
[0.658s]   Add the installation prefix of "numpy" to CMAKE_PREFIX_PATH or set
[0.658s]   "numpy_DIR" to a directory containing one of the above files.  If "numpy"
[0.658s]   provides a separate development package or SDK, be sure it has been
[0.658s]   installed.
[0.658s] 
[0.658s] [0m
[0.658s] -- Configuring incomplete, errors occurred!
[0.658s] See also "/home/rgopikrishnan/rplidar_ws/build/rplidar_ros/CMakeFiles/CMakeOutput.log".
[0.663s] gmake: *** [Makefile:922: cmake_check_build_system] Error 1
[0.665s] Invoked command in '/home/rgopikrishnan/rplidar_ws/build/rplidar_ros' returned '2': CMAKE_PREFIX_PATH=${CMAKE_PREFIX_PATH}:/opt/ros/humble /usr/bin/cmake --build /home/rgopikrishnan/rplidar_ws/build/rplidar_ros -- -j12 -l12
