[0.008s] Invoking command in '/home/rgopikrishnan/rplidar_ws/build/rplidar_ros': CMAKE_PREFIX_PATH=${CMAKE_PREFIX_PATH}:/opt/ros/humble /usr/bin/cmake --build /home/rgopikrishnan/rplidar_ws/build/rplidar_ros -- -j12 -l12
[0.037s] -- Found ament_cmake: 1.3.10 (/opt/ros/humble/share/ament_cmake/cmake)
[0.190s] -- Override CMake install command with custom implementation using symlinks instead of copying resources
[0.200s] -- Found rclcpp: 16.0.10 (/opt/ros/humble/share/rclcpp/cmake)
[0.244s] -- Found rosidl_generator_c: 3.1.5 (/opt/ros/humble/share/rosidl_generator_c/cmake)
[0.247s] -- Found rosidl_adapter: 3.1.5 (/opt/ros/humble/share/rosidl_adapter/cmake)
[0.255s] -- Found rosidl_generator_cpp: 3.1.5 (/opt/ros/humble/share/rosidl_generator_cpp/cmake)
[0.266s] -- Using all available rosidl_typesupport_c: rosidl_typesupport_fastrtps_c;rosidl_typesupport_introspection_c
[0.280s] -- Using all available rosidl_typesupport_cpp: rosidl_typesupport_fastrtps_cpp;rosidl_typesupport_introspection_cpp
[0.315s] -- Found rmw_implementation_cmake: 6.1.2 (/opt/ros/humble/share/rmw_implementation_cmake/cmake)
[0.316s] -- Found rmw_fastrtps_cpp: 6.2.7 (/opt/ros/humble/share/rmw_fastrtps_cpp/cmake)
[0.437s] -- Using RMW implementation 'rmw_fastrtps_cpp' as default
[0.500s] -- Found sensor_msgs: 4.2.4 (/opt/ros/humble/share/sensor_msgs/cmake)
[0.525s] -- Found std_srvs: 4.2.4 (/opt/ros/humble/share/std_srvs/cmake)
[0.533s] -- Found nav_msgs: 4.2.4 (/opt/ros/humble/share/nav_msgs/cmake)
[0.550s] -- Found rclpy: 3.3.14 (/opt/ros/humble/share/rclpy/cmake)
[0.550s] -- Found cv_bridge: 3.2.1 (/opt/ros/humble/share/cv_bridge/cmake)
[0.563s] [31mCMake Error at CMakeLists.txt:51 (find_package):
[0.563s]   By not providing "Findnumpy.cmake" in CMAKE_MODULE_PATH this project has
[0.563s]   asked CMake to find a package configuration file provided by "numpy", but
[0.563s]   CMake did not find one.
[0.563s] 
[0.563s]   Could not find a package configuration file provided by "numpy" with any of
[0.563s]   the following names:
[0.564s] 
[0.564s]     numpyConfig.cmake
[0.564s]     numpy-config.cmake
[0.564s] 
[0.564s]   Add the installation prefix of "numpy" to CMAKE_PREFIX_PATH or set
[0.564s]   "numpy_DIR" to a directory containing one of the above files.  If "numpy"
[0.564s]   provides a separate development package or SDK, be sure it has been
[0.564s]   installed.
[0.564s] 
[0.564s] [0m
[0.564s] -- Configuring incomplete, errors occurred!
[0.564s] See also "/home/rgopikrishnan/rplidar_ws/build/rplidar_ros/CMakeFiles/CMakeOutput.log".
[0.572s] gmake: *** [Makefile:922: cmake_check_build_system] Error 1
[0.574s] Invoked command in '/home/rgopikrishnan/rplidar_ws/build/rplidar_ros' returned '2': CMAKE_PREFIX_PATH=${CMAKE_PREFIX_PATH}:/opt/ros/humble /usr/bin/cmake --build /home/rgopikrishnan/rplidar_ws/build/rplidar_ros -- -j12 -l12
