[0.009s] Invoking command in '/home/rgopikrishnan/rplidar_ws/build/rplidar_ros': CMAKE_PREFIX_PATH=${CMAKE_PREFIX_PATH}:/opt/ros/humble /usr/bin/cmake --build /home/rgopikrishnan/rplidar_ws/build/rplidar_ros -- -j12 -l12
[0.051s] -- Found ament_cmake: 1.3.10 (/opt/ros/humble/share/ament_cmake/cmake)
[0.208s] -- Override CMake install command with custom implementation using symlinks instead of copying resources
[0.215s] -- Found rclcpp: 16.0.10 (/opt/ros/humble/share/rclcpp/cmake)
[0.255s] -- Found rosidl_generator_c: 3.1.5 (/opt/ros/humble/share/rosidl_generator_c/cmake)
[0.259s] -- Found rosidl_adapter: 3.1.5 (/opt/ros/humble/share/rosidl_adapter/cmake)
[0.267s] -- Found rosidl_generator_cpp: 3.1.5 (/opt/ros/humble/share/rosidl_generator_cpp/cmake)
[0.282s] -- Using all available rosidl_typesupport_c: rosidl_typesupport_fastrtps_c;rosidl_typesupport_introspection_c
[0.301s] -- Using all available rosidl_typesupport_cpp: rosidl_typesupport_fastrtps_cpp;rosidl_typesupport_introspection_cpp
[0.346s] -- Found rmw_implementation_cmake: 6.1.2 (/opt/ros/humble/share/rmw_implementation_cmake/cmake)
[0.348s] -- Found rmw_fastrtps_cpp: 6.2.7 (/opt/ros/humble/share/rmw_fastrtps_cpp/cmake)
[0.479s] -- Using RMW implementation 'rmw_fastrtps_cpp' as default
[0.571s] -- Found sensor_msgs: 4.2.4 (/opt/ros/humble/share/sensor_msgs/cmake)
[0.610s] -- Found std_srvs: 4.2.4 (/opt/ros/humble/share/std_srvs/cmake)
[0.618s] -- Found nav_msgs: 4.2.4 (/opt/ros/humble/share/nav_msgs/cmake)
[0.632s] -- Found rclpy: 3.3.14 (/opt/ros/humble/share/rclpy/cmake)
[0.632s] -- Found cv_bridge: 3.2.1 (/opt/ros/humble/share/cv_bridge/cmake)
[1.379s] -- Configuring done
[1.399s] -- Generating done
[1.400s] -- Build files have been written to: /home/rgopikrishnan/rplidar_ws/build/rplidar_ros
[1.439s] [35m[1mConsolidate compiler generated dependencies of target rplidar_client[0m
[1.453s] [35m[1mConsolidate compiler generated dependencies of target rplidar_composition[0m
[1.455s] [35m[1mConsolidate compiler generated dependencies of target rplidar_node[0m
[1.458s] [35m[1mConsolidate compiler generated dependencies of target lidar_map_node[0m
[1.483s] [  3%] Built target rplidar_client
[1.492s] [  3%] Built target ament_cmake_python_symlink_rplidar_ros
[1.520s] [ 35%] Built target rplidar_composition
[1.536s] [ 67%] Built target lidar_map_node
[1.536s] [100%] Built target rplidar_node
[1.694s] running egg_info
[1.703s] writing rplidar_ros.egg-info/PKG-INFO
[1.703s] writing dependency_links to rplidar_ros.egg-info/dependency_links.txt
[1.703s] writing top-level names to rplidar_ros.egg-info/top_level.txt
[1.730s] reading manifest file 'rplidar_ros.egg-info/SOURCES.txt'
[1.731s] writing manifest file 'rplidar_ros.egg-info/SOURCES.txt'
[1.762s] [100%] Built target ament_cmake_python_build_rplidar_ros_egg
[1.773s] Invoked command in '/home/rgopikrishnan/rplidar_ws/build/rplidar_ros' returned '0': CMAKE_PREFIX_PATH=${CMAKE_PREFIX_PATH}:/opt/ros/humble /usr/bin/cmake --build /home/rgopikrishnan/rplidar_ws/build/rplidar_ros -- -j12 -l12
[1.858s] Invoking command in '/home/rgopikrishnan/rplidar_ws/build/rplidar_ros': CMAKE_PREFIX_PATH=${CMAKE_PREFIX_PATH}:/opt/ros/humble /usr/bin/cmake --install /home/rgopikrishnan/rplidar_ws/build/rplidar_ros
[1.864s] -- Install configuration: ""
[1.864s] -- Execute custom install script
[1.864s] -- Up-to-date symlink: /home/rgopikrishnan/rplidar_ws/install/rplidar_ros/share/rplidar_ros/environment/pythonpath.sh
[1.864s] -- Up-to-date symlink: /home/rgopikrishnan/rplidar_ws/install/rplidar_ros/share/rplidar_ros/environment/pythonpath.dsv
[1.864s] -- Up-to-date symlink: /home/rgopikrishnan/rplidar_ws/install/rplidar_ros/local/lib/python3.10/dist-packages/rplidar_ros-2.1.4-py3.10.egg-info/PKG-INFO
[1.864s] -- Up-to-date symlink: /home/rgopikrishnan/rplidar_ws/install/rplidar_ros/local/lib/python3.10/dist-packages/rplidar_ros-2.1.4-py3.10.egg-info/SOURCES.txt
[1.865s] -- Up-to-date symlink: /home/rgopikrishnan/rplidar_ws/install/rplidar_ros/local/lib/python3.10/dist-packages/rplidar_ros-2.1.4-py3.10.egg-info/dependency_links.txt
[1.865s] -- Up-to-date symlink: /home/rgopikrishnan/rplidar_ws/install/rplidar_ros/local/lib/python3.10/dist-packages/rplidar_ros-2.1.4-py3.10.egg-info/top_level.txt
[1.865s] -- Up-to-date symlink: /home/rgopikrishnan/rplidar_ws/install/rplidar_ros/local/lib/python3.10/dist-packages/rplidar_ros/__init__.py
[1.865s] -- Up-to-date symlink: /home/rgopikrishnan/rplidar_ws/install/rplidar_ros/local/lib/python3.10/dist-packages/rplidar_ros/cv_to_map.py
[1.865s] -- Up-to-date symlink: /home/rgopikrishnan/rplidar_ws/install/rplidar_ros/local/lib/python3.10/dist-packages/rplidar_ros/cv_to_map2.py
[1.865s] -- Up-to-date symlink: /home/rgopikrishnan/rplidar_ws/install/rplidar_ros/local/lib/python3.10/dist-packages/rplidar_ros/igvc_slam_node.py
[1.865s] -- Up-to-date symlink: /home/rgopikrishnan/rplidar_ws/install/rplidar_ros/local/lib/python3.10/dist-packages/rplidar_ros/lidar_map_node.cpp
[1.865s] -- Up-to-date symlink: /home/rgopikrishnan/rplidar_ws/install/rplidar_ros/local/lib/python3.10/dist-packages/rplidar_ros/rplidar_client.cpp
[1.865s] -- Up-to-date symlink: /home/rgopikrishnan/rplidar_ws/install/rplidar_ros/local/lib/python3.10/dist-packages/rplidar_ros/rplidar_node.cpp
[1.865s] -- Up-to-date symlink: /home/rgopikrishnan/rplidar_ws/install/rplidar_ros/share/rplidar_ros/launch/rplidar_a1_launch.py
[1.865s] -- Up-to-date symlink: /home/rgopikrishnan/rplidar_ws/install/rplidar_ros/share/rplidar_ros/launch/rplidar_a2m12_launch.py
[1.865s] -- Up-to-date symlink: /home/rgopikrishnan/rplidar_ws/install/rplidar_ros/share/rplidar_ros/launch/rplidar_a2m7_launch.py
[1.865s] -- Up-to-date symlink: /home/rgopikrishnan/rplidar_ws/install/rplidar_ros/share/rplidar_ros/launch/rplidar_a2m8_launch.py
[1.866s] -- Up-to-date symlink: /home/rgopikrishnan/rplidar_ws/install/rplidar_ros/share/rplidar_ros/launch/rplidar_a3_launch.py
[1.866s] -- Up-to-date symlink: /home/rgopikrishnan/rplidar_ws/install/rplidar_ros/share/rplidar_ros/launch/rplidar_c1_launch.py
[1.866s] -- Up-to-date symlink: /home/rgopikrishnan/rplidar_ws/install/rplidar_ros/share/rplidar_ros/launch/rplidar_s1_launch.py
[1.866s] -- Up-to-date symlink: /home/rgopikrishnan/rplidar_ws/install/rplidar_ros/share/rplidar_ros/launch/rplidar_s1_tcp_launch.py
[1.866s] -- Up-to-date symlink: /home/rgopikrishnan/rplidar_ws/install/rplidar_ros/share/rplidar_ros/launch/rplidar_s2_launch.py
[1.866s] -- Up-to-date symlink: /home/rgopikrishnan/rplidar_ws/install/rplidar_ros/share/rplidar_ros/launch/rplidar_s2e_launch.py
[1.866s] -- Up-to-date symlink: /home/rgopikrishnan/rplidar_ws/install/rplidar_ros/share/rplidar_ros/launch/rplidar_s3_launch.py
[1.866s] -- Up-to-date symlink: /home/rgopikrishnan/rplidar_ws/install/rplidar_ros/share/rplidar_ros/launch/rplidar_t1_launch.py
[1.866s] -- Up-to-date symlink: /home/rgopikrishnan/rplidar_ws/install/rplidar_ros/share/rplidar_ros/launch/view_rplidar_a1_launch.py
[1.866s] -- Up-to-date symlink: /home/rgopikrishnan/rplidar_ws/install/rplidar_ros/share/rplidar_ros/launch/view_rplidar_a2m12_launch.py
[1.866s] -- Up-to-date symlink: /home/rgopikrishnan/rplidar_ws/install/rplidar_ros/share/rplidar_ros/launch/view_rplidar_a2m7_launch.py
[1.866s] -- Up-to-date symlink: /home/rgopikrishnan/rplidar_ws/install/rplidar_ros/share/rplidar_ros/launch/view_rplidar_a2m8_launch.py
[1.867s] -- Up-to-date symlink: /home/rgopikrishnan/rplidar_ws/install/rplidar_ros/share/rplidar_ros/launch/view_rplidar_a3_launch.py
[1.867s] -- Up-to-date symlink: /home/rgopikrishnan/rplidar_ws/install/rplidar_ros/share/rplidar_ros/launch/view_rplidar_c1_launch.py
[1.867s] -- Up-to-date symlink: /home/rgopikrishnan/rplidar_ws/install/rplidar_ros/share/rplidar_ros/launch/view_rplidar_s1_launch.py
[1.867s] -- Up-to-date symlink: /home/rgopikrishnan/rplidar_ws/install/rplidar_ros/share/rplidar_ros/launch/view_rplidar_s1_tcp_launch.py
[1.867s] -- Up-to-date symlink: /home/rgopikrishnan/rplidar_ws/install/rplidar_ros/share/rplidar_ros/launch/view_rplidar_s2_launch.py
[1.867s] -- Up-to-date symlink: /home/rgopikrishnan/rplidar_ws/install/rplidar_ros/share/rplidar_ros/launch/view_rplidar_s2e_launch.py
[1.867s] -- Up-to-date symlink: /home/rgopikrishnan/rplidar_ws/install/rplidar_ros/share/rplidar_ros/launch/view_rplidar_s3_launch.py
[1.867s] -- Up-to-date symlink: /home/rgopikrishnan/rplidar_ws/install/rplidar_ros/share/rplidar_ros/launch/view_rplidar_t1_launch.py
[1.867s] -- Up-to-date symlink: /home/rgopikrishnan/rplidar_ws/install/rplidar_ros/share/rplidar_ros/rviz/rplidar_ros.rviz
[1.867s] -- Up-to-date symlink: /home/rgopikrishnan/rplidar_ws/install/rplidar_ros/lib/rplidar_ros/igvc_slam_node.py
[1.867s] -- Symlinking: /home/rgopikrishnan/rplidar_ws/install/rplidar_ros/lib/rplidar_ros/cv_to_map2.py
[1.875s] -- Up-to-date symlink: /home/rgopikrishnan/rplidar_ws/install/rplidar_ros/lib/rplidar_ros/rplidar_node
[1.875s] -- Up-to-date symlink: /home/rgopikrishnan/rplidar_ws/install/rplidar_ros/lib/rplidar_ros/rplidar_composition
[1.875s] -- Up-to-date symlink: /home/rgopikrishnan/rplidar_ws/install/rplidar_ros/lib/rplidar_ros/rplidar_client
[1.875s] -- Up-to-date symlink: /home/rgopikrishnan/rplidar_ws/install/rplidar_ros/lib/rplidar_ros/lidar_map_node
[1.875s] -- Up-to-date symlink: /home/rgopikrishnan/rplidar_ws/install/rplidar_ros/share/ament_index/resource_index/package_run_dependencies/rplidar_ros
[1.876s] -- Up-to-date symlink: /home/rgopikrishnan/rplidar_ws/install/rplidar_ros/share/ament_index/resource_index/parent_prefix_path/rplidar_ros
[1.876s] -- Up-to-date symlink: /home/rgopikrishnan/rplidar_ws/install/rplidar_ros/share/rplidar_ros/environment/ament_prefix_path.sh
[1.876s] -- Up-to-date symlink: /home/rgopikrishnan/rplidar_ws/install/rplidar_ros/share/rplidar_ros/environment/ament_prefix_path.dsv
[1.876s] -- Up-to-date symlink: /home/rgopikrishnan/rplidar_ws/install/rplidar_ros/share/rplidar_ros/environment/path.sh
[1.876s] -- Up-to-date symlink: /home/rgopikrishnan/rplidar_ws/install/rplidar_ros/share/rplidar_ros/environment/path.dsv
[1.876s] -- Up-to-date symlink: /home/rgopikrishnan/rplidar_ws/install/rplidar_ros/share/rplidar_ros/local_setup.bash
[1.876s] -- Up-to-date symlink: /home/rgopikrishnan/rplidar_ws/install/rplidar_ros/share/rplidar_ros/local_setup.sh
[1.876s] -- Up-to-date symlink: /home/rgopikrishnan/rplidar_ws/install/rplidar_ros/share/rplidar_ros/local_setup.zsh
[1.877s] -- Up-to-date symlink: /home/rgopikrishnan/rplidar_ws/install/rplidar_ros/share/rplidar_ros/local_setup.dsv
[1.877s] -- Symlinking: /home/rgopikrishnan/rplidar_ws/install/rplidar_ros/share/rplidar_ros/package.dsv
[1.886s] -- Up-to-date symlink: /home/rgopikrishnan/rplidar_ws/install/rplidar_ros/share/ament_index/resource_index/packages/rplidar_ros
[1.886s] -- Up-to-date symlink: /home/rgopikrishnan/rplidar_ws/install/rplidar_ros/share/rplidar_ros/cmake/ament_cmake_export_dependencies-extras.cmake
[1.886s] -- Up-to-date symlink: /home/rgopikrishnan/rplidar_ws/install/rplidar_ros/share/rplidar_ros/cmake/ament_cmake_export_include_directories-extras.cmake
[1.886s] -- Up-to-date symlink: /home/rgopikrishnan/rplidar_ws/install/rplidar_ros/share/rplidar_ros/cmake/rplidar_rosConfig.cmake
[1.886s] -- Up-to-date symlink: /home/rgopikrishnan/rplidar_ws/install/rplidar_ros/share/rplidar_ros/cmake/rplidar_rosConfig-version.cmake
[1.886s] -- Up-to-date symlink: /home/rgopikrishnan/rplidar_ws/install/rplidar_ros/share/rplidar_ros/package.xml
[1.913s] Listing '/home/rgopikrishnan/rplidar_ws/install/rplidar_ros/local/lib/python3.10/dist-packages/rplidar_ros'...
[1.913s] Listing '/home/rgopikrishnan/rplidar_ws/install/rplidar_ros/local/lib/python3.10/dist-packages/rplidar_ros/Downloads'...
[1.913s] Listing '/home/rgopikrishnan/rplidar_ws/install/rplidar_ros/local/lib/python3.10/dist-packages/rplidar_ros/build'...
[1.914s] Compiling '/home/rgopikrishnan/rplidar_ws/install/rplidar_ros/local/lib/python3.10/dist-packages/rplidar_ros/cv_to_map2.py'...
[1.914s] Listing '/home/rgopikrishnan/rplidar_ws/install/rplidar_ros/local/lib/python3.10/dist-packages/rplidar_ros/install'...
[1.914s] Listing '/home/rgopikrishnan/rplidar_ws/install/rplidar_ros/local/lib/python3.10/dist-packages/rplidar_ros/log'...
[1.914s] Listing '/home/rgopikrishnan/rplidar_ws/install/rplidar_ros/local/lib/python3.10/dist-packages/rplidar_ros/log/build_2024-10-05_01-16-40'...
[1.914s] Listing '/home/rgopikrishnan/rplidar_ws/install/rplidar_ros/local/lib/python3.10/dist-packages/rplidar_ros/log/latest'...
[1.914s] Listing '/home/rgopikrishnan/rplidar_ws/install/rplidar_ros/local/lib/python3.10/dist-packages/rplidar_ros/log/latest_build'...
[1.919s] Invoked command in '/home/rgopikrishnan/rplidar_ws/build/rplidar_ros' returned '0': CMAKE_PREFIX_PATH=${CMAKE_PREFIX_PATH}:/opt/ros/humble /usr/bin/cmake --install /home/rgopikrishnan/rplidar_ws/build/rplidar_ros
