[0.008s] Invoking command in '/home/rgopikrishnan/rplidar_ws/build/rplidar_ros': CMAKE_PREFIX_PATH=${CMAKE_PREFIX_PATH}:/opt/ros/humble /usr/bin/cmake --build /home/rgopikrishnan/rplidar_ws/build/rplidar_ros -- -j12 -l12
[0.066s] [  3%] Built target rplidar_client
[0.068s] [  3%] Built target ament_cmake_python_symlink_rplidar_ros
[0.071s] [ 35%] Built target rplidar_node
[0.072s] [ 67%] Built target rplidar_composition
[0.076s] [100%] Built target lidar_map_node
[0.206s] running egg_info
[0.215s] writing rplidar_ros.egg-info/PKG-INFO
[0.215s] writing dependency_links to rplidar_ros.egg-info/dependency_links.txt
[0.215s] writing top-level names to rplidar_ros.egg-info/top_level.txt
[0.244s] reading manifest file 'rplidar_ros.egg-info/SOURCES.txt'
[0.244s] writing manifest file 'rplidar_ros.egg-info/SOURCES.txt'
[0.267s] [100%] Built target ament_cmake_python_build_rplidar_ros_egg
[0.275s] Invoked command in '/home/rgopikrishnan/rplidar_ws/build/rplidar_ros' returned '0': CMAKE_PREFIX_PATH=${CMAKE_PREFIX_PATH}:/opt/ros/humble /usr/bin/cmake --build /home/rgopikrishnan/rplidar_ws/build/rplidar_ros -- -j12 -l12
[0.352s] Invoking command in '/home/rgopikrishnan/rplidar_ws/build/rplidar_ros': CMAKE_PREFIX_PATH=${CMAKE_PREFIX_PATH}:/opt/ros/humble /usr/bin/cmake --install /home/rgopikrishnan/rplidar_ws/build/rplidar_ros
[0.359s] -- Install configuration: ""
[0.359s] -- Execute custom install script
[0.359s] -- Up-to-date symlink: /home/rgopikrishnan/rplidar_ws/install/rplidar_ros/share/rplidar_ros/environment/pythonpath.sh
[0.359s] -- Up-to-date symlink: /home/rgopikrishnan/rplidar_ws/install/rplidar_ros/share/rplidar_ros/environment/pythonpath.dsv
[0.359s] -- Up-to-date symlink: /home/rgopikrishnan/rplidar_ws/install/rplidar_ros/local/lib/python3.10/dist-packages/rplidar_ros-2.1.4-py3.10.egg-info/PKG-INFO
[0.359s] -- Up-to-date symlink: /home/rgopikrishnan/rplidar_ws/install/rplidar_ros/local/lib/python3.10/dist-packages/rplidar_ros-2.1.4-py3.10.egg-info/SOURCES.txt
[0.359s] -- Up-to-date symlink: /home/rgopikrishnan/rplidar_ws/install/rplidar_ros/local/lib/python3.10/dist-packages/rplidar_ros-2.1.4-py3.10.egg-info/dependency_links.txt
[0.360s] -- Up-to-date symlink: /home/rgopikrishnan/rplidar_ws/install/rplidar_ros/local/lib/python3.10/dist-packages/rplidar_ros-2.1.4-py3.10.egg-info/top_level.txt
[0.360s] [33mCMake Warning (dev) at ament_cmake_symlink_install/ament_cmake_symlink_install.cmake:62 (file):
[0.360s]   Policy CMP0009 is not set: FILE GLOB_RECURSE calls should not follow
[0.361s]   symlinks by default.  Run "cmake --help-policy CMP0009" for policy details.
[0.361s]   Use the cmake_policy command to set the policy and suppress this warning.
[0.361s] Call Stack (most recent call first):
[0.361s]   ament_cmake_symlink_install/ament_cmake_symlink_install.cmake:323 (ament_cmake_symlink_install_directory)
[0.361s]   cmake_install.cmake:46 (include)
[0.361s] This warning is for project developers.  Use -Wno-dev to suppress it.
[0.361s] [0m
[0.362s] -- Up-to-date symlink: /home/rgopikrishnan/rplidar_ws/install/rplidar_ros/local/lib/python3.10/dist-packages/rplidar_ros/__init__.py
[0.362s] -- Up-to-date symlink: /home/rgopikrishnan/rplidar_ws/install/rplidar_ros/local/lib/python3.10/dist-packages/rplidar_ros/build/.built_by
[0.362s] -- Up-to-date symlink: /home/rgopikrishnan/rplidar_ws/install/rplidar_ros/local/lib/python3.10/dist-packages/rplidar_ros/build/COLCON_IGNORE
[0.362s] -- Up-to-date symlink: /home/rgopikrishnan/rplidar_ws/install/rplidar_ros/local/lib/python3.10/dist-packages/rplidar_ros/igvc_slam_node.py
[0.362s] -- Up-to-date symlink: /home/rgopikrishnan/rplidar_ws/install/rplidar_ros/local/lib/python3.10/dist-packages/rplidar_ros/install/.colcon_install_layout
[0.362s] -- Up-to-date symlink: /home/rgopikrishnan/rplidar_ws/install/rplidar_ros/local/lib/python3.10/dist-packages/rplidar_ros/install/COLCON_IGNORE
[0.362s] -- Up-to-date symlink: /home/rgopikrishnan/rplidar_ws/install/rplidar_ros/local/lib/python3.10/dist-packages/rplidar_ros/install/_local_setup_util_ps1.py
[0.362s] -- Up-to-date symlink: /home/rgopikrishnan/rplidar_ws/install/rplidar_ros/local/lib/python3.10/dist-packages/rplidar_ros/install/_local_setup_util_sh.py
[0.362s] -- Up-to-date symlink: /home/rgopikrishnan/rplidar_ws/install/rplidar_ros/local/lib/python3.10/dist-packages/rplidar_ros/install/local_setup.bash
[0.363s] -- Up-to-date symlink: /home/rgopikrishnan/rplidar_ws/install/rplidar_ros/local/lib/python3.10/dist-packages/rplidar_ros/install/local_setup.ps1
[0.363s] -- Up-to-date symlink: /home/rgopikrishnan/rplidar_ws/install/rplidar_ros/local/lib/python3.10/dist-packages/rplidar_ros/install/local_setup.sh
[0.363s] -- Up-to-date symlink: /home/rgopikrishnan/rplidar_ws/install/rplidar_ros/local/lib/python3.10/dist-packages/rplidar_ros/install/local_setup.zsh
[0.363s] -- Up-to-date symlink: /home/rgopikrishnan/rplidar_ws/install/rplidar_ros/local/lib/python3.10/dist-packages/rplidar_ros/install/setup.bash
[0.363s] -- Up-to-date symlink: /home/rgopikrishnan/rplidar_ws/install/rplidar_ros/local/lib/python3.10/dist-packages/rplidar_ros/install/setup.ps1
[0.363s] -- Up-to-date symlink: /home/rgopikrishnan/rplidar_ws/install/rplidar_ros/local/lib/python3.10/dist-packages/rplidar_ros/install/setup.sh
[0.363s] -- Up-to-date symlink: /home/rgopikrishnan/rplidar_ws/install/rplidar_ros/local/lib/python3.10/dist-packages/rplidar_ros/install/setup.zsh
[0.363s] [33mCMake Warning (dev) at ament_cmake_symlink_install/ament_cmake_symlink_install.cmake:73 (file):
[0.363s]   Policy CMP0009 is not set: FILE GLOB_RECURSE calls should not follow
[0.363s]   symlinks by default.  Run "cmake --help-policy CMP0009" for policy details.
[0.363s]   Use the cmake_policy command to set the policy and suppress this warning.
[0.363s] Call Stack (most recent call first):
[0.363s]   ament_cmake_symlink_install/ament_cmake_symlink_install.cmake:323 (ament_cmake_symlink_install_directory)
[0.363s]   cmake_install.cmake:46 (include)
[0.363s] This warning is for project developers.  Use -Wno-dev to suppress it.
[0.364s] [0m
[0.364s] [33mCMake Warning (dev) at ament_cmake_symlink_install/ament_cmake_symlink_install.cmake:73 (file):
[0.364s]   Policy CMP0009 is not set: FILE GLOB_RECURSE calls should not follow
[0.364s]   symlinks by default.  Run "cmake --help-policy CMP0009" for policy details.
[0.364s]   Use the cmake_policy command to set the policy and suppress this warning.
[0.364s] Call Stack (most recent call first):
[0.364s]   ament_cmake_symlink_install/ament_cmake_symlink_install.cmake:323 (ament_cmake_symlink_install_directory)
[0.364s]   cmake_install.cmake:46 (include)
[0.364s] This warning is for project developers.  Use -Wno-dev to suppress it.
[0.364s] [0m
[0.364s] -- Up-to-date symlink: /home/rgopikrishnan/rplidar_ws/install/rplidar_ros/local/lib/python3.10/dist-packages/rplidar_ros/lidar_map_node.cpp
[0.364s] -- Up-to-date symlink: /home/rgopikrishnan/rplidar_ws/install/rplidar_ros/local/lib/python3.10/dist-packages/rplidar_ros/log/COLCON_IGNORE
[0.364s] -- Up-to-date symlink: /home/rgopikrishnan/rplidar_ws/install/rplidar_ros/local/lib/python3.10/dist-packages/rplidar_ros/log/build_2024-10-05_01-16-40/events.log
[0.364s] -- Up-to-date symlink: /home/rgopikrishnan/rplidar_ws/install/rplidar_ros/local/lib/python3.10/dist-packages/rplidar_ros/log/build_2024-10-05_01-16-40/logger_all.log
[0.364s] -- Up-to-date symlink: /home/rgopikrishnan/rplidar_ws/install/rplidar_ros/local/lib/python3.10/dist-packages/rplidar_ros/log/latest/events.log
[0.364s] -- Up-to-date symlink: /home/rgopikrishnan/rplidar_ws/install/rplidar_ros/local/lib/python3.10/dist-packages/rplidar_ros/log/latest/logger_all.log
[0.364s] -- Up-to-date symlink: /home/rgopikrishnan/rplidar_ws/install/rplidar_ros/local/lib/python3.10/dist-packages/rplidar_ros/log/latest_build/events.log
[0.364s] -- Up-to-date symlink: /home/rgopikrishnan/rplidar_ws/install/rplidar_ros/local/lib/python3.10/dist-packages/rplidar_ros/log/latest_build/logger_all.log
[0.364s] -- Up-to-date symlink: /home/rgopikrishnan/rplidar_ws/install/rplidar_ros/local/lib/python3.10/dist-packages/rplidar_ros/rplidar_client.cpp
[0.364s] -- Up-to-date symlink: /home/rgopikrishnan/rplidar_ws/install/rplidar_ros/local/lib/python3.10/dist-packages/rplidar_ros/rplidar_node.cpp
[0.364s] -- Up-to-date symlink: /home/rgopikrishnan/rplidar_ws/install/rplidar_ros/share/rplidar_ros/launch/rplidar_a1_launch.py
[0.364s] -- Up-to-date symlink: /home/rgopikrishnan/rplidar_ws/install/rplidar_ros/share/rplidar_ros/launch/rplidar_a2m12_launch.py
[0.364s] -- Up-to-date symlink: /home/rgopikrishnan/rplidar_ws/install/rplidar_ros/share/rplidar_ros/launch/rplidar_a2m7_launch.py
[0.364s] -- Up-to-date symlink: /home/rgopikrishnan/rplidar_ws/install/rplidar_ros/share/rplidar_ros/launch/rplidar_a2m8_launch.py
[0.364s] -- Up-to-date symlink: /home/rgopikrishnan/rplidar_ws/install/rplidar_ros/share/rplidar_ros/launch/rplidar_a3_launch.py
[0.364s] -- Up-to-date symlink: /home/rgopikrishnan/rplidar_ws/install/rplidar_ros/share/rplidar_ros/launch/rplidar_c1_launch.py
[0.364s] -- Up-to-date symlink: /home/rgopikrishnan/rplidar_ws/install/rplidar_ros/share/rplidar_ros/launch/rplidar_s1_launch.py
[0.364s] -- Up-to-date symlink: /home/rgopikrishnan/rplidar_ws/install/rplidar_ros/share/rplidar_ros/launch/rplidar_s1_tcp_launch.py
[0.364s] -- Up-to-date symlink: /home/rgopikrishnan/rplidar_ws/install/rplidar_ros/share/rplidar_ros/launch/rplidar_s2_launch.py
[0.364s] -- Up-to-date symlink: /home/rgopikrishnan/rplidar_ws/install/rplidar_ros/share/rplidar_ros/launch/rplidar_s2e_launch.py
[0.364s] -- Up-to-date symlink: /home/rgopikrishnan/rplidar_ws/install/rplidar_ros/share/rplidar_ros/launch/rplidar_s3_launch.py
[0.364s] -- Up-to-date symlink: /home/rgopikrishnan/rplidar_ws/install/rplidar_ros/share/rplidar_ros/launch/rplidar_t1_launch.py
[0.364s] -- Up-to-date symlink: /home/rgopikrishnan/rplidar_ws/install/rplidar_ros/share/rplidar_ros/launch/view_rplidar_a1_launch.py
[0.364s] -- Up-to-date symlink: /home/rgopikrishnan/rplidar_ws/install/rplidar_ros/share/rplidar_ros/launch/view_rplidar_a2m12_launch.py
[0.364s] -- Up-to-date symlink: /home/rgopikrishnan/rplidar_ws/install/rplidar_ros/share/rplidar_ros/launch/view_rplidar_a2m7_launch.py
[0.364s] -- Up-to-date symlink: /home/rgopikrishnan/rplidar_ws/install/rplidar_ros/share/rplidar_ros/launch/view_rplidar_a2m8_launch.py
[0.364s] -- Up-to-date symlink: /home/rgopikrishnan/rplidar_ws/install/rplidar_ros/share/rplidar_ros/launch/view_rplidar_a3_launch.py
[0.365s] -- Up-to-date symlink: /home/rgopikrishnan/rplidar_ws/install/rplidar_ros/share/rplidar_ros/launch/view_rplidar_c1_launch.py
[0.365s] -- Up-to-date symlink: /home/rgopikrishnan/rplidar_ws/install/rplidar_ros/share/rplidar_ros/launch/view_rplidar_s1_launch.py
[0.365s] -- Up-to-date symlink: /home/rgopikrishnan/rplidar_ws/install/rplidar_ros/share/rplidar_ros/launch/view_rplidar_s1_tcp_launch.py
[0.365s] -- Up-to-date symlink: /home/rgopikrishnan/rplidar_ws/install/rplidar_ros/share/rplidar_ros/launch/view_rplidar_s2_launch.py
[0.365s] -- Up-to-date symlink: /home/rgopikrishnan/rplidar_ws/install/rplidar_ros/share/rplidar_ros/launch/view_rplidar_s2e_launch.py
[0.365s] -- Up-to-date symlink: /home/rgopikrishnan/rplidar_ws/install/rplidar_ros/share/rplidar_ros/launch/view_rplidar_s3_launch.py
[0.365s] -- Up-to-date symlink: /home/rgopikrishnan/rplidar_ws/install/rplidar_ros/share/rplidar_ros/launch/view_rplidar_t1_launch.py
[0.365s] -- Up-to-date symlink: /home/rgopikrishnan/rplidar_ws/install/rplidar_ros/share/rplidar_ros/rviz/rplidar_ros.rviz
[0.365s] -- Symlinking: /home/rgopikrishnan/rplidar_ws/install/rplidar_ros/lib/rplidar_ros/igvc_slam_node.py
[0.372s] -- Up-to-date symlink: /home/rgopikrishnan/rplidar_ws/install/rplidar_ros/lib/rplidar_ros/rplidar_node
[0.372s] -- Up-to-date symlink: /home/rgopikrishnan/rplidar_ws/install/rplidar_ros/lib/rplidar_ros/rplidar_composition
[0.372s] -- Up-to-date symlink: /home/rgopikrishnan/rplidar_ws/install/rplidar_ros/lib/rplidar_ros/rplidar_client
[0.373s] -- Up-to-date symlink: /home/rgopikrishnan/rplidar_ws/install/rplidar_ros/lib/rplidar_ros/lidar_map_node
[0.373s] -- Up-to-date symlink: /home/rgopikrishnan/rplidar_ws/install/rplidar_ros/share/ament_index/resource_index/package_run_dependencies/rplidar_ros
[0.373s] -- Up-to-date symlink: /home/rgopikrishnan/rplidar_ws/install/rplidar_ros/share/ament_index/resource_index/parent_prefix_path/rplidar_ros
[0.373s] -- Up-to-date symlink: /home/rgopikrishnan/rplidar_ws/install/rplidar_ros/share/rplidar_ros/environment/ament_prefix_path.sh
[0.373s] -- Up-to-date symlink: /home/rgopikrishnan/rplidar_ws/install/rplidar_ros/share/rplidar_ros/environment/ament_prefix_path.dsv
[0.373s] -- Up-to-date symlink: /home/rgopikrishnan/rplidar_ws/install/rplidar_ros/share/rplidar_ros/environment/path.sh
[0.373s] -- Up-to-date symlink: /home/rgopikrishnan/rplidar_ws/install/rplidar_ros/share/rplidar_ros/environment/path.dsv
[0.373s] -- Up-to-date symlink: /home/rgopikrishnan/rplidar_ws/install/rplidar_ros/share/rplidar_ros/local_setup.bash
[0.373s] -- Up-to-date symlink: /home/rgopikrishnan/rplidar_ws/install/rplidar_ros/share/rplidar_ros/local_setup.sh
[0.373s] -- Up-to-date symlink: /home/rgopikrishnan/rplidar_ws/install/rplidar_ros/share/rplidar_ros/local_setup.zsh
[0.374s] -- Up-to-date symlink: /home/rgopikrishnan/rplidar_ws/install/rplidar_ros/share/rplidar_ros/local_setup.dsv
[0.374s] -- Symlinking: /home/rgopikrishnan/rplidar_ws/install/rplidar_ros/share/rplidar_ros/package.dsv
[0.381s] -- Up-to-date symlink: /home/rgopikrishnan/rplidar_ws/install/rplidar_ros/share/ament_index/resource_index/packages/rplidar_ros
[0.381s] -- Up-to-date symlink: /home/rgopikrishnan/rplidar_ws/install/rplidar_ros/share/rplidar_ros/cmake/ament_cmake_export_dependencies-extras.cmake
[0.381s] -- Up-to-date symlink: /home/rgopikrishnan/rplidar_ws/install/rplidar_ros/share/rplidar_ros/cmake/ament_cmake_export_include_directories-extras.cmake
[0.381s] -- Up-to-date symlink: /home/rgopikrishnan/rplidar_ws/install/rplidar_ros/share/rplidar_ros/cmake/rplidar_rosConfig.cmake
[0.381s] -- Up-to-date symlink: /home/rgopikrishnan/rplidar_ws/install/rplidar_ros/share/rplidar_ros/cmake/rplidar_rosConfig-version.cmake
[0.381s] -- Up-to-date symlink: /home/rgopikrishnan/rplidar_ws/install/rplidar_ros/share/rplidar_ros/package.xml
[0.403s] Listing '/home/rgopikrishnan/rplidar_ws/install/rplidar_ros/local/lib/python3.10/dist-packages/rplidar_ros'...
[0.403s] Listing '/home/rgopikrishnan/rplidar_ws/install/rplidar_ros/local/lib/python3.10/dist-packages/rplidar_ros/build'...
[0.403s] Listing '/home/rgopikrishnan/rplidar_ws/install/rplidar_ros/local/lib/python3.10/dist-packages/rplidar_ros/install'...
[0.403s] Listing '/home/rgopikrishnan/rplidar_ws/install/rplidar_ros/local/lib/python3.10/dist-packages/rplidar_ros/log'...
[0.403s] Listing '/home/rgopikrishnan/rplidar_ws/install/rplidar_ros/local/lib/python3.10/dist-packages/rplidar_ros/log/build_2024-10-05_01-16-40'...
[0.403s] Listing '/home/rgopikrishnan/rplidar_ws/install/rplidar_ros/local/lib/python3.10/dist-packages/rplidar_ros/log/latest'...
[0.403s] Listing '/home/rgopikrishnan/rplidar_ws/install/rplidar_ros/local/lib/python3.10/dist-packages/rplidar_ros/log/latest_build'...
[0.407s] Invoked command in '/home/rgopikrishnan/rplidar_ws/build/rplidar_ros' returned '0': CMAKE_PREFIX_PATH=${CMAKE_PREFIX_PATH}:/opt/ros/humble /usr/bin/cmake --install /home/rgopikrishnan/rplidar_ws/build/rplidar_ros
